<?xml version="1.0" encoding="UTF-8"?>
<!-- Generated by org.testng.reporters.JUnitReportReporter -->
<testsuite hostname="DESKTOP-UFRC4R1" failures="0" tests="5" name="testCases.TC_003_LoginDataDrivenTest" time="114.055" errors="0" timestamp="2023-03-02T16:28:23 IST" skipped="0">
  <testcase classname="testCases.TC_003_LoginDataDrivenTest" name="test_loginDDT" time="26.295"/>
  <system-out/>
  <testcase classname="testCases.TC_003_LoginDataDrivenTest" name="test_loginDDT" time="26.104"/>
  <system-out/>
  <testcase classname="testCases.TC_003_LoginDataDrivenTest" name="test_loginDDT" time="26.996"/>
  <system-out/>
  <testcase classname="testCases.TC_003_LoginDataDrivenTest" name="test_loginDDT" time="7.938"/>
  <system-out/>
  <testcase classname="testCases.TC_003_LoginDataDrivenTest" name="test_loginDDT" time="26.722"/>
  <system-out/>
</testsuite> <!-- testCases.TC_003_LoginDataDrivenTest -->
