<?xml version="1.0" encoding="UTF-8"?>
<!-- Generated by org.testng.reporters.JUnitReportReporter -->
<testsuite hostname="DESKTOP-UFRC4R1" failures="0" tests="1" name="testCases.TC_001_AccountRegistrationTest" time="13.232" errors="0" timestamp="2023-03-02T16:28:23 IST" skipped="0">
  <testcase classname="testCases.TC_001_AccountRegistrationTest" name="test_Account_Registration" time="13.232"/>
  <system-out/>
</testsuite> <!-- testCases.TC_001_AccountRegistrationTest -->
