<?xml version="1.0" encoding="UTF-8"?>
<!-- Generated by org.testng.reporters.JUnitReportReporter -->
<testsuite hostname="DESKTOP-UFRC4R1" failures="0" tests="1" name="testCases.TC_006_Search" time="6.608" errors="0" timestamp="2023-03-03T08:21:46 IST" skipped="0">
  <testcase classname="testCases.TC_006_Search" name="SearchFunctionalityTest" time="6.608"/>
  <system-out/>
</testsuite> <!-- testCases.TC_006_Search -->
