<?xml version="1.0" encoding="UTF-8"?>
<!-- Generated by org.testng.reporters.JUnitReportReporter -->
<testsuite hostname="DESKTOP-UFRC4R1" failures="0" tests="1" name="testCases.TC_004_LogOutTest" time="5.881" errors="0" timestamp="2023-03-02T16:28:23 IST" skipped="0">
  <testcase classname="testCases.TC_004_LogOutTest" name="LogOutTest" time="5.881"/>
  <system-out/>
</testsuite> <!-- testCases.TC_004_LogOutTest -->
