<?xml version="1.0" encoding="UTF-8"?>
<!-- Generated by org.testng.reporters.JUnitReportReporter -->
<testsuite hostname="DESKTOP-UFRC4R1" failures="0" tests="1" name="testCases.TC_007_ProductCompareFunctionalityTest" time="18.296" errors="0" timestamp="2023-03-05T10:08:53 IST" skipped="0">
  <testcase classname="testCases.TC_007_ProductCompareFunctionalityTest" name="ProductCompareFunctionalityTest" time="18.296"/>
  <system-out/>
</testsuite> <!-- testCases.TC_007_ProductCompareFunctionalityTest -->
