<?xml version="1.0" encoding="UTF-8"?>
<!-- Generated by org.testng.reporters.JUnitReportReporter -->
<testsuite hostname="DESKTOP-UFRC4R1" failures="0" tests="1" name="testCases.TC_008_ProductDisplayFunctionalityTest" time="18.970" errors="0" timestamp="2023-03-05T11:02:24 IST" skipped="0">
  <testcase classname="testCases.TC_008_ProductDisplayFunctionalityTest" name="ProductCompareFunctionalityTest" time="18.970"/>
  <system-out/>
</testsuite> <!-- testCases.TC_008_ProductDisplayFunctionalityTest -->
